<?xml version="1.0" encoding="UTF-8"?>
<!-- Generated by org.testng.reporters.JUnitReportReporter -->
<testsuite hostname="PLTW-Y570" name="com.usrdatatool.tests.TestRunner" tests="1" failures="0" timestamp="25 Mar 2018 20:37:33 GMT" time="52.144" errors="0">
  <testcase name="test_TC110" time="52.144" classname="com.usrdatatool.tests.TestRunner"/>
</testsuite> <!-- com.usrdatatool.tests.TestRunner -->
