<?xml version="1.0" encoding="UTF-8"?>
<!-- Generated by org.testng.reporters.JUnitReportReporter -->
<testsuite hostname="Karakols-MacBook-Pro.local" name="tests.TestRunner" tests="3" failures="0" timestamp="20 Mar 2018 01:48:05 GMT" time="18.690" errors="0">
  <testcase name="test1" time="2.167" classname="tests.TestRunner"/>
  <testcase name="test2" time="2.787" classname="tests.TestRunner"/>
  <testcase name="test3" time="13.736" classname="tests.TestRunner"/>
</testsuite> <!-- tests.TestRunner -->
