<?xml version="1.0" encoding="UTF-8"?>
<!-- Generated by org.testng.reporters.JUnitReportReporter -->
<testsuite hostname="Azamats-MacBook-Pro.local" name="com.usrdatatool.tests.TestRunner" tests="2" failures="0" timestamp="26 Mar 2018 23:40:46 GMT" time="123.395" errors="0">
  <testcase name="test_109" time="77.441" classname="com.usrdatatool.tests.TestRunner"/>
  <testcase name="test_108" time="45.954" classname="com.usrdatatool.tests.TestRunner"/>
</testsuite> <!-- com.usrdatatool.tests.TestRunner -->
