<?xml version="1.0" encoding="UTF-8"?>
<!-- Generated by org.testng.reporters.JUnitReportReporter -->
<testsuite hostname="Azamats-MacBook-Pro.local" name="com.usrdatatool.tests.TestRunner" tests="1" failures="0" timestamp="26 Mar 2018 21:52:36 GMT" time="26.169" errors="0">
  <testcase name="test_108" time="26.169" classname="com.usrdatatool.tests.TestRunner"/>
</testsuite> <!-- com.usrdatatool.tests.TestRunner -->
