<?xml version="1.0" encoding="UTF-8"?>
<!-- Generated by org.testng.reporters.JUnitReportReporter -->
<testsuite hostname="PLTW-Y570" name="com.usrdatatool.tests.TestRunner" tests="1" failures="0" timestamp="26 Mar 2018 21:41:14 GMT" time="74.018" errors="0">
  <testcase name="test_TC112" time="74.018" classname="com.usrdatatool.tests.TestRunner"/>
</testsuite> <!-- com.usrdatatool.tests.TestRunner -->
