<?xml version="1.0" encoding="UTF-8"?>
<!-- Generated by org.testng.reporters.JUnitReportReporter -->
<testsuite hostname="PLTW-Y570" name="com.usrdatatool.tests.SmokeTestSuiteRunner" tests="1" failures="0" timestamp="25 Mar 2018 03:27:38 GMT" time="15.022" errors="0">
  <testcase name="smokeTest" time="15.022" classname="com.usrdatatool.tests.SmokeTestSuiteRunner"/>
</testsuite> <!-- com.usrdatatool.tests.SmokeTestSuiteRunner -->
